***************************************
Saving Image As: static/output//frame_000003.png
Frame 3 of 72
Frame Time: 7s
Estimated Total Time Remaining: 483s (0:08:03)
***************************************

***************************************
Saving Image As: static/output//frame_000004.png
Frame 4 of 72
Frame Time: 8s
Estimated Total Time Remaining: 544s (0:09:04)
***************************************

***************************************
Saving Image As: static/output//frame_000005.png
Frame 5 of 72
Frame Time: 8s
Estimated Total Time Remaining: 536s (0:08:56)
***************************************

***************************************
Saving Image As: static/output//frame_000006.png
Frame 6 of 72
Frame Time: 7s
Estimated Total Time Remaining: 462s (0:07:42)
***************************************

***************************************
Saving Image As: static/output//frame_000007.png
Frame 7 of 72
Frame Time: 7s
Estimated Total Time Remaining: 455s (0:07:35)
***************************************

***************************************
Saving Image As: static/output//frame_000008.png
Frame 8 of 72
Frame Time: 7s
Estimated Total Time Remaining: 448s (0:07:28)
***************************************

***************************************
Saving Image As: static/output//frame_000009.png
Frame 9 of 72
Frame Time: 7s
Estimated Total Time Remaining: 441s (0:07:21)
***************************************

***************************************
Saving Image As: static/output//frame_000010.png
Frame 10 of 72
Frame Time: 9s
Estimated Total Time Remaining: 558s (0:09:18)
***************************************

***************************************
Saving Image As: static/output//frame_000011.png
Frame 11 of 72
Frame Time: 8s
Estimated Total Time Remaining: 488s (0:08:08)
***************************************

***************************************
Saving Image As: static/output//frame_000012.png
Frame 12 of 72
Frame Time: 7s
Estimated Total Time Remaining: 420s (0:07:00)
***************************************

***************************************
Saving Image As: static/output//frame_000013.png
Frame 13 of 72
Frame Time: 7s
Estimated Total Time Remaining: 413s (0:06:53)
***************************************

***************************************
Saving Image As: static/output//frame_000014.png
Frame 14 of 72
Frame Time: 8s
Estimated Total Time Remaining: 464s (0:07:44)
***************************************

***************************************
Saving Image As: static/output//frame_000015.png
Frame 15 of 72
Frame Time: 8s
Estimated Total Time Remaining: 456s (0:07:36)
***************************************

***************************************
Saving Image As: static/output//frame_000016.png
Frame 16 of 72
Frame Time: 8s
Estimated Total Time Remaining: 448s (0:07:28)
***************************************

***************************************
Saving Image As: static/output//frame_000017.png
Frame 17 of 72
Frame Time: 8s
Estimated Total Time Remaining: 440s (0:07:20)
***************************************

***************************************
Saving Image As: static/output//frame_000018.png
Frame 18 of 72
Frame Time: 8s
Estimated Total Time Remaining: 432s (0:07:12)
***************************************

***************************************
Saving Image As: static/output//frame_000019.png
Frame 19 of 72
Frame Time: 8s
Estimated Total Time Remaining: 424s (0:07:04)
***************************************

***************************************
Saving Image As: static/output//frame_000020.png
Frame 20 of 72
Frame Time: 8s
Estimated Total Time Remaining: 416s (0:06:56)
***************************************

***************************************
Saving Image As: static/output//frame_000021.png
Frame 21 of 72
Frame Time: 9s
Estimated Total Time Remaining: 459s (0:07:39)
***************************************

***************************************
Saving Image As: static/output//frame_000022.png
Frame 22 of 72
Frame Time: 10s
Estimated Total Time Remaining: 500s (0:08:20)
***************************************

***************************************
Saving Image As: static/output//frame_000023.png
Frame 23 of 72
Frame Time: 9s
Estimated Total Time Remaining: 441s (0:07:21)
***************************************

DeepDream Start

DeepDream Start

DeepDream Start

DeepDream Start

DeepDream Start

DeepDream Start

DeepDream Start

DeepDream Start

DeepDream Start

DeepDream Start

DeepDream Start

DeepDream Start

DeepDream Start

DeepDream Start

***************************************
Saving Image As: static/output/frame_000001.png
Frame 1 of 72
Frame Time: 8s
Estimated Total Time Remaining: 568s (0:09:28)
***************************************

DeepDream Start

***************************************
Saving Image As: static/output/frame_000001.png
Frame 1 of 72
Frame Time: 9s
Estimated Total Time Remaining: 639s (0:10:39)
***************************************

***************************************
Saving Image As: static/output/frame_000002.png
Frame 2 of 72
Frame Time: 8s
Estimated Total Time Remaining: 560s (0:09:20)
***************************************

***************************************
Saving Image As: static/output/frame_000003.png
Frame 3 of 72
Frame Time: 7s
Estimated Total Time Remaining: 483s (0:08:03)
***************************************

***************************************
Saving Image As: static/output/frame_000004.png
Frame 4 of 72
Frame Time: 7s
Estimated Total Time Remaining: 476s (0:07:56)
***************************************

***************************************
Saving Image As: static/output/frame_000005.png
Frame 5 of 72
Frame Time: 7s
Estimated Total Time Remaining: 469s (0:07:49)
***************************************

***************************************
Saving Image As: static/output/frame_000006.png
Frame 6 of 72
Frame Time: 7s
Estimated Total Time Remaining: 462s (0:07:42)
***************************************

***************************************
Saving Image As: static/output/frame_000007.png
Frame 7 of 72
Frame Time: 7s
Estimated Total Time Remaining: 455s (0:07:35)
***************************************

***************************************
Saving Image As: static/output/frame_000008.png
Frame 8 of 72
Frame Time: 8s
Estimated Total Time Remaining: 512s (0:08:32)
***************************************

***************************************
Saving Image As: static/output/frame_000009.png
Frame 9 of 72
Frame Time: 8s
Estimated Total Time Remaining: 504s (0:08:24)
***************************************

***************************************
Saving Image As: static/output/frame_000010.png
Frame 10 of 72
Frame Time: 8s
Estimated Total Time Remaining: 496s (0:08:16)
***************************************

DeepDream Start

***************************************
Saving Image As: static/output/frame_000001.png
Frame 1 of 72
Frame Time: 9s
Estimated Total Time Remaining: 639s (0:10:39)
***************************************

***************************************
Saving Image As: static/output/frame_000002.png
Frame 2 of 72
Frame Time: 8s
Estimated Total Time Remaining: 560s (0:09:20)
***************************************

***************************************
Saving Image As: static/output/frame_000003.png
Frame 3 of 72
Frame Time: 7s
Estimated Total Time Remaining: 483s (0:08:03)
***************************************

***************************************
Saving Image As: static/output/frame_000004.png
Frame 4 of 72
Frame Time: 7s
Estimated Total Time Remaining: 476s (0:07:56)
***************************************

***************************************
Saving Image As: static/output/frame_000005.png
Frame 5 of 72
Frame Time: 7s
Estimated Total Time Remaining: 469s (0:07:49)
***************************************

***************************************
Saving Image As: static/output/frame_000006.png
Frame 6 of 72
Frame Time: 7s
Estimated Total Time Remaining: 462s (0:07:42)
***************************************

***************************************
Saving Image As: static/output/frame_000007.png
Frame 7 of 72
Frame Time: 7s
Estimated Total Time Remaining: 455s (0:07:35)
***************************************

***************************************
Saving Image As: static/output/frame_000008.png
Frame 8 of 72
Frame Time: 7s
Estimated Total Time Remaining: 448s (0:07:28)
***************************************

***************************************
Saving Image As: static/output/frame_000009.png
Frame 9 of 72
Frame Time: 7s
Estimated Total Time Remaining: 441s (0:07:21)
***************************************

***************************************
Saving Image As: static/output/frame_000010.png
Frame 10 of 72
Frame Time: 7s
Estimated Total Time Remaining: 434s (0:07:14)
***************************************

***************************************
Saving Image As: static/output/frame_000011.png
Frame 11 of 72
Frame Time: 7s
Estimated Total Time Remaining: 427s (0:07:07)
***************************************

***************************************
Saving Image As: static/output/frame_000012.png
Frame 12 of 72
Frame Time: 7s
Estimated Total Time Remaining: 420s (0:07:00)
***************************************

***************************************
Saving Image As: static/output/frame_000013.png
Frame 13 of 72
Frame Time: 8s
Estimated Total Time Remaining: 472s (0:07:52)
***************************************

***************************************
Saving Image As: static/output/frame_000014.png
Frame 14 of 72
Frame Time: 8s
Estimated Total Time Remaining: 464s (0:07:44)
***************************************

***************************************
Saving Image As: static/output/frame_000015.png
Frame 15 of 72
Frame Time: 9s
Estimated Total Time Remaining: 513s (0:08:33)
***************************************

***************************************
Saving Image As: static/output/frame_000016.png
Frame 16 of 72
Frame Time: 9s
Estimated Total Time Remaining: 504s (0:08:24)
***************************************

***************************************
Saving Image As: static/output/frame_000017.png
Frame 17 of 72
Frame Time: 10s
Estimated Total Time Remaining: 550s (0:09:10)
***************************************

***************************************
Saving Image As: static/output/frame_000018.png
Frame 18 of 72
Frame Time: 9s
Estimated Total Time Remaining: 486s (0:08:06)
***************************************

***************************************
Saving Image As: static/output/frame_000019.png
Frame 19 of 72
Frame Time: 9s
Estimated Total Time Remaining: 477s (0:07:57)
***************************************

***************************************
Saving Image As: static/output/frame_000020.png
Frame 20 of 72
Frame Time: 9s
Estimated Total Time Remaining: 468s (0:07:48)
***************************************

***************************************
Saving Image As: static/output/frame_000021.png
Frame 21 of 72
Frame Time: 9s
Estimated Total Time Remaining: 459s (0:07:39)
***************************************

***************************************
Saving Image As: static/output/frame_000022.png
Frame 22 of 72
Frame Time: 10s
Estimated Total Time Remaining: 500s (0:08:20)
***************************************

***************************************
Saving Image As: static/output/frame_000023.png
Frame 23 of 72
Frame Time: 9s
Estimated Total Time Remaining: 441s (0:07:21)
***************************************

***************************************
Saving Image As: static/output/frame_000024.png
Frame 24 of 72
Frame Time: 9s
Estimated Total Time Remaining: 432s (0:07:12)
***************************************

DeepDream Start

***************************************
Saving Image As: static/output//frame_000001.png
Frame 1 of 72
Frame Time: 8s
Estimated Total Time Remaining: 568s (0:09:28)
***************************************

DeepDream Start

DeepDream Start

DeepDream Start

***************************************
Saving Image As: static/output//frame_000001.png
Frame 1 of 72
Frame Time: 5s
Estimated Total Time Remaining: 355s (0:05:55)
***************************************

***************************************
Saving Image As: static/output//frame_000002.png
Frame 2 of 72
Frame Time: 5s
Estimated Total Time Remaining: 350s (0:05:50)
***************************************

***************************************
Saving Image As: static/output//frame_000003.png
Frame 3 of 72
Frame Time: 5s
Estimated Total Time Remaining: 345s (0:05:45)
***************************************

***************************************
Saving Image As: static/output//frame_000004.png
Frame 4 of 72
Frame Time: 5s
Estimated Total Time Remaining: 340s (0:05:40)
***************************************

***************************************
Saving Image As: static/output//frame_000005.png
Frame 5 of 72
Frame Time: 5s
Estimated Total Time Remaining: 335s (0:05:35)
***************************************

***************************************
Saving Image As: static/output//frame_000006.png
Frame 6 of 72
Frame Time: 5s
Estimated Total Time Remaining: 330s (0:05:30)
***************************************

***************************************
Saving Image As: static/output//frame_000007.png
Frame 7 of 72
Frame Time: 5s
Estimated Total Time Remaining: 325s (0:05:25)
***************************************

***************************************
Saving Image As: static/output//frame_000008.png
Frame 8 of 72
Frame Time: 5s
Estimated Total Time Remaining: 320s (0:05:20)
***************************************

***************************************
Saving Image As: static/output//frame_000009.png
Frame 9 of 72
Frame Time: 5s
Estimated Total Time Remaining: 315s (0:05:15)
***************************************

***************************************
Saving Image As: static/output//frame_000010.png
Frame 10 of 72
Frame Time: 5s
Estimated Total Time Remaining: 310s (0:05:10)
***************************************

***************************************
Saving Image As: static/output//frame_000011.png
Frame 11 of 72
Frame Time: 6s
Estimated Total Time Remaining: 366s (0:06:06)
***************************************

***************************************
Saving Image As: static/output//frame_000012.png
Frame 12 of 72
Frame Time: 6s
Estimated Total Time Remaining: 360s (0:06:00)
***************************************

***************************************
Saving Image As: static/output//frame_000013.png
Frame 13 of 72
Frame Time: 6s
Estimated Total Time Remaining: 354s (0:05:54)
***************************************

***************************************
Saving Image As: static/output//frame_000014.png
Frame 14 of 72
Frame Time: 6s
Estimated Total Time Remaining: 348s (0:05:48)
***************************************

***************************************
Saving Image As: static/output//frame_000015.png
Frame 15 of 72
Frame Time: 7s
Estimated Total Time Remaining: 399s (0:06:39)
***************************************

***************************************
Saving Image As: static/output//frame_000016.png
Frame 16 of 72
Frame Time: 7s
Estimated Total Time Remaining: 392s (0:06:32)
***************************************

***************************************
Saving Image As: static/output//frame_000017.png
Frame 17 of 72
Frame Time: 7s
Estimated Total Time Remaining: 385s (0:06:25)
***************************************

***************************************
Saving Image As: static/output//frame_000018.png
Frame 18 of 72
Frame Time: 7s
Estimated Total Time Remaining: 378s (0:06:18)
***************************************

***************************************
Saving Image As: static/output//frame_000019.png
Frame 19 of 72
Frame Time: 7s
Estimated Total Time Remaining: 371s (0:06:11)
***************************************

***************************************
Saving Image As: static/output//frame_000020.png
Frame 20 of 72
Frame Time: 7s
Estimated Total Time Remaining: 364s (0:06:04)
***************************************

***************************************
Saving Image As: static/output//frame_000021.png
Frame 21 of 72
Frame Time: 7s
Estimated Total Time Remaining: 357s (0:05:57)
***************************************

***************************************
Saving Image As: static/output//frame_000022.png
Frame 22 of 72
Frame Time: 7s
Estimated Total Time Remaining: 350s (0:05:50)
***************************************

***************************************
Saving Image As: static/output//frame_000023.png
Frame 23 of 72
Frame Time: 7s
Estimated Total Time Remaining: 343s (0:05:43)
***************************************

***************************************
Saving Image As: static/output//frame_000024.png
Frame 24 of 72
Frame Time: 8s
Estimated Total Time Remaining: 384s (0:06:24)
***************************************

***************************************
Saving Image As: static/output//frame_000025.png
Frame 25 of 72
Frame Time: 7s
Estimated Total Time Remaining: 329s (0:05:29)
***************************************

***************************************
Saving Image As: static/output//frame_000026.png
Frame 26 of 72
Frame Time: 7s
Estimated Total Time Remaining: 322s (0:05:22)
***************************************

***************************************
Saving Image As: static/output//frame_000027.png
Frame 27 of 72
Frame Time: 7s
Estimated Total Time Remaining: 315s (0:05:15)
***************************************

***************************************
Saving Image As: static/output//frame_000028.png
Frame 28 of 72
Frame Time: 8s
Estimated Total Time Remaining: 352s (0:05:52)
***************************************

***************************************
Saving Image As: static/output//frame_000029.png
Frame 29 of 72
Frame Time: 8s
Estimated Total Time Remaining: 344s (0:05:44)
***************************************

***************************************
Saving Image As: static/output//frame_000030.png
Frame 30 of 72
Frame Time: 8s
Estimated Total Time Remaining: 336s (0:05:36)
***************************************

***************************************
Saving Image As: static/output//frame_000031.png
Frame 31 of 72
Frame Time: 8s
Estimated Total Time Remaining: 328s (0:05:28)
***************************************

***************************************
Saving Image As: static/output//frame_000032.png
Frame 32 of 72
Frame Time: 8s
Estimated Total Time Remaining: 320s (0:05:20)
***************************************

***************************************
Saving Image As: static/output//frame_000033.png
Frame 33 of 72
Frame Time: 8s
Estimated Total Time Remaining: 312s (0:05:12)
***************************************

***************************************
Saving Image As: static/output//frame_000034.png
Frame 34 of 72
Frame Time: 8s
Estimated Total Time Remaining: 304s (0:05:04)
***************************************

***************************************
Saving Image As: static/output//frame_000035.png
Frame 35 of 72
Frame Time: 8s
Estimated Total Time Remaining: 296s (0:04:56)
***************************************

***************************************
Saving Image As: static/output//frame_000036.png
Frame 36 of 72
Frame Time: 8s
Estimated Total Time Remaining: 288s (0:04:48)
***************************************

***************************************
Saving Image As: static/output//frame_000037.png
Frame 37 of 72
Frame Time: 8s
Estimated Total Time Remaining: 280s (0:04:40)
***************************************

***************************************
Saving Image As: static/output//frame_000038.png
Frame 38 of 72
Frame Time: 8s
Estimated Total Time Remaining: 272s (0:04:32)
***************************************

***************************************
Saving Image As: static/output//frame_000039.png
Frame 39 of 72
Frame Time: 8s
Estimated Total Time Remaining: 264s (0:04:24)
***************************************

***************************************
Saving Image As: static/output//frame_000040.png
Frame 40 of 72
Frame Time: 8s
Estimated Total Time Remaining: 256s (0:04:16)
***************************************

***************************************
Saving Image As: static/output//frame_000041.png
Frame 41 of 72
Frame Time: 8s
Estimated Total Time Remaining: 248s (0:04:08)
***************************************

***************************************
Saving Image As: static/output//frame_000042.png
Frame 42 of 72
Frame Time: 9s
Estimated Total Time Remaining: 270s (0:04:30)
***************************************

***************************************
Saving Image As: static/output//frame_000043.png
Frame 43 of 72
Frame Time: 8s
Estimated Total Time Remaining: 232s (0:03:52)
***************************************

***************************************
Saving Image As: static/output//frame_000044.png
Frame 44 of 72
Frame Time: 8s
Estimated Total Time Remaining: 224s (0:03:44)
***************************************

***************************************
Saving Image As: static/output//frame_000045.png
Frame 45 of 72
Frame Time: 8s
Estimated Total Time Remaining: 216s (0:03:36)
***************************************

DeepDream Start

***************************************
Saving Image As: static/output//frame_000001.png
Frame 1 of 72
Frame Time: 5s
Estimated Total Time Remaining: 355s (0:05:55)
***************************************

DeepDream Start

***************************************
Saving Image As: static/output//frame_000001.png
Frame 1 of 72
Frame Time: 5s
Estimated Total Time Remaining: 355s (0:05:55)
***************************************

***************************************
Saving Image As: static/output//frame_000002.png
Frame 2 of 72
Frame Time: 5s
Estimated Total Time Remaining: 350s (0:05:50)
***************************************

***************************************
Saving Image As: static/output//frame_000003.png
Frame 3 of 72
Frame Time: 6s
Estimated Total Time Remaining: 414s (0:06:54)
***************************************

***************************************
Saving Image As: static/output//frame_000004.png
Frame 4 of 72
Frame Time: 6s
Estimated Total Time Remaining: 408s (0:06:48)
***************************************

***************************************
Saving Image As: static/output//frame_000005.png
Frame 5 of 72
Frame Time: 6s
Estimated Total Time Remaining: 402s (0:06:42)
***************************************

***************************************
Saving Image As: static/output//frame_000006.png
Frame 6 of 72
Frame Time: 6s
Estimated Total Time Remaining: 396s (0:06:36)
***************************************

***************************************
Saving Image As: static/output//frame_000007.png
Frame 7 of 72
Frame Time: 7s
Estimated Total Time Remaining: 455s (0:07:35)
***************************************

***************************************
Saving Image As: static/output//frame_000008.png
Frame 8 of 72
Frame Time: 7s
Estimated Total Time Remaining: 448s (0:07:28)
***************************************

DeepDream Start

***************************************
Saving Image As: static/output//frame_000001.png
Frame 1 of 72
Frame Time: 5s
Estimated Total Time Remaining: 355s (0:05:55)
***************************************

